This is pdfTeX, Version 3.14159265-2.6-1.40.19 (TeX Live 2019/dev/Debian) (preloaded format=pdflatex 2022.1.31)  10 FEB 2022 11:32
entering extended mode
 restricted \write18 enabled.
 %&-line parsing enabled.
**TP_KBIDA-SAGET.tex
(./TP_KBIDA-SAGET.tex
LaTeX2e <2018-12-01>
(/usr/share/texlive/texmf-dist/tex/latex/base/article.cls
Document Class: article 2018/09/03 v1.4i Standard LaTeX document class
(/usr/share/texlive/texmf-dist/tex/latex/base/size10.clo
File: size10.clo 2018/09/03 v1.4i Standard LaTeX file (size option)
)
\c@part=\count80
\c@section=\count81
\c@subsection=\count82
\c@subsubsection=\count83
\c@paragraph=\count84
\c@subparagraph=\count85
\c@figure=\count86
\c@table=\count87
\abovecaptionskip=\skip41
\belowcaptionskip=\skip42
\bibindent=\dimen102
)
(/usr/share/texlive/texmf-dist/tex/generic/babel/babel.sty
Package: babel 2018/11/13 3.27 The Babel package

(/usr/share/texlive/texmf-dist/tex/generic/babel/switch.def
File: switch.def 2018/11/13 3.27 Babel switching mechanism
)
(/usr/share/texlive/texmf-dist/tex/generic/babel-french/french.ldf
Language: french 2019/01/30 v3.5d French support from the babel system

(/usr/share/texlive/texmf-dist/tex/generic/babel/babel.def
File: babel.def 2018/11/13 3.27 Babel common definitions
\babel@savecnt=\count88
\U@D=\dimen103

(/usr/share/texlive/texmf-dist/tex/generic/babel/txtbabel.def)
\bbl@dirlevel=\count89
)
\l@acadian = a dialect from \language\l@french 
\FB@nonchar=\count90
Package babel Info: Making : an active character on input line 414.
Package babel Info: Making ; an active character on input line 415.
Package babel Info: Making ! an active character on input line 416.
Package babel Info: Making ? an active character on input line 417.
\FBguill@level=\count91
\FBold@everypar=\toks14
\FB@Mht=\dimen104
\mc@charclass=\count92
\mc@charfam=\count93
\mc@charslot=\count94
\std@mcc=\count95
\dec@mcc=\count96
\c@FBcaption@count=\count97
\listindentFB=\dimen105
\descindentFB=\dimen106
\labelindentFB=\dimen107
\labelwidthFB=\dimen108
\leftmarginFB=\dimen109
\parindentFFN=\dimen110
\FBfnindent=\dimen111
))
(/usr/share/texlive/texmf-dist/tex/latex/carlisle/scalefnt.sty)
(/usr/share/texlive/texmf-dist/tex/latex/graphics/keyval.sty
Package: keyval 2014/10/28 v1.15 key=value parser (DPC)
\KV@toks@=\toks15
)
(/usr/share/texlive/texmf-dist/tex/latex/geometry/geometry.sty
Package: geometry 2018/04/16 v5.8 Page Geometry

(/usr/share/texlive/texmf-dist/tex/generic/oberdiek/ifpdf.sty
Package: ifpdf 2018/09/07 v3.3 Provides the ifpdf switch
)
(/usr/share/texlive/texmf-dist/tex/generic/oberdiek/ifvtex.sty
Package: ifvtex 2016/05/16 v1.6 Detect VTeX and its facilities (HO)
Package ifvtex Info: VTeX not detected.
)
(/usr/share/texlive/texmf-dist/tex/generic/ifxetex/ifxetex.sty
Package: ifxetex 2010/09/12 v0.6 Provides ifxetex conditional
)
\Gm@cnth=\count98
\Gm@cntv=\count99
\c@Gm@tempcnt=\count100
\Gm@bindingoffset=\dimen112
\Gm@wd@mp=\dimen113
\Gm@odd@mp=\dimen114
\Gm@even@mp=\dimen115
\Gm@layoutwidth=\dimen116
\Gm@layoutheight=\dimen117
\Gm@layouthoffset=\dimen118
\Gm@layoutvoffset=\dimen119
\Gm@dimlist=\toks16
)
(/usr/share/texlive/texmf-dist/tex/latex/amsmath/amsmath.sty
Package: amsmath 2018/12/01 v2.17b AMS math features
\@mathmargin=\skip43

For additional information on amsmath, use the `?' option.
(/usr/share/texlive/texmf-dist/tex/latex/amsmath/amstext.sty
Package: amstext 2000/06/29 v2.01 AMS text

(/usr/share/texlive/texmf-dist/tex/latex/amsmath/amsgen.sty
File: amsgen.sty 1999/11/30 v2.0 generic functions
\@emptytoks=\toks17
\ex@=\dimen120
))
(/usr/share/texlive/texmf-dist/tex/latex/amsmath/amsbsy.sty
Package: amsbsy 1999/11/29 v1.2d Bold Symbols
\pmbraise@=\dimen121
)
(/usr/share/texlive/texmf-dist/tex/latex/amsmath/amsopn.sty
Package: amsopn 2016/03/08 v2.02 operator names
)
\inf@bad=\count101
LaTeX Info: Redefining \frac on input line 223.
\uproot@=\count102
\leftroot@=\count103
LaTeX Info: Redefining \overline on input line 385.
\classnum@=\count104
\DOTSCASE@=\count105
LaTeX Info: Redefining \ldots on input line 482.
LaTeX Info: Redefining \dots on input line 485.
LaTeX Info: Redefining \cdots on input line 606.
\Mathstrutbox@=\box27
\strutbox@=\box28
\big@size=\dimen122
LaTeX Font Info:    Redeclaring font encoding OML on input line 729.
LaTeX Font Info:    Redeclaring font encoding OMS on input line 730.
\macc@depth=\count106
\c@MaxMatrixCols=\count107
\dotsspace@=\muskip10
\c@parentequation=\count108
\dspbrk@lvl=\count109
\tag@help=\toks18
\row@=\count110
\column@=\count111
\maxfields@=\count112
\andhelp@=\toks19
\eqnshift@=\dimen123
\alignsep@=\dimen124
\tagshift@=\dimen125
\tagwidth@=\dimen126
\totwidth@=\dimen127
\lineht@=\dimen128
\@envbody=\toks20
\multlinegap=\skip44
\multlinetaggap=\skip45
\mathdisplay@stack=\toks21
LaTeX Info: Redefining \[ on input line 2844.
LaTeX Info: Redefining \] on input line 2845.
)
(/usr/share/texlive/texmf-dist/tex/latex/graphics/graphicx.sty
Package: graphicx 2017/06/01 v1.1a Enhanced LaTeX Graphics (DPC,SPQR)

(/usr/share/texlive/texmf-dist/tex/latex/graphics/graphics.sty
Package: graphics 2017/06/25 v1.2c Standard LaTeX Graphics (DPC,SPQR)

(/usr/share/texlive/texmf-dist/tex/latex/graphics/trig.sty
Package: trig 2016/01/03 v1.10 sin cos tan (DPC)
)
(/usr/share/texlive/texmf-dist/tex/latex/graphics-cfg/graphics.cfg
File: graphics.cfg 2016/06/04 v1.11 sample graphics configuration
)
Package graphics Info: Driver file: pdftex.def on input line 99.

(/usr/share/texlive/texmf-dist/tex/latex/graphics-def/pdftex.def
File: pdftex.def 2018/01/08 v1.0l Graphics/color driver for pdftex
))
\Gin@req@height=\dimen129
\Gin@req@width=\dimen130
)
(/usr/share/texlive/texmf-dist/tex/latex/hyperref/hyperref.sty
Package: hyperref 2018/11/30 v6.88e Hypertext links for LaTeX

(/usr/share/texlive/texmf-dist/tex/generic/oberdiek/hobsub-hyperref.sty
Package: hobsub-hyperref 2016/05/16 v1.14 Bundle oberdiek, subset hyperref (HO)


(/usr/share/texlive/texmf-dist/tex/generic/oberdiek/hobsub-generic.sty
Package: hobsub-generic 2016/05/16 v1.14 Bundle oberdiek, subset generic (HO)
Package: hobsub 2016/05/16 v1.14 Construct package bundles (HO)
Package: infwarerr 2016/05/16 v1.4 Providing info/warning/error messages (HO)
Package: ltxcmds 2016/05/16 v1.23 LaTeX kernel commands for general use (HO)
Package: ifluatex 2016/05/16 v1.4 Provides the ifluatex switch (HO)
Package ifluatex Info: LuaTeX not detected.
Package hobsub Info: Skipping package `ifvtex' (already loaded).
Package: intcalc 2016/05/16 v1.2 Expandable calculations with integers (HO)
Package hobsub Info: Skipping package `ifpdf' (already loaded).
Package: etexcmds 2016/05/16 v1.6 Avoid name clashes with e-TeX commands (HO)
Package: kvsetkeys 2016/05/16 v1.17 Key value parser (HO)
Package: kvdefinekeys 2016/05/16 v1.4 Define keys (HO)
Package: pdftexcmds 2018/09/10 v0.29 Utility functions of pdfTeX for LuaTeX (HO
)
Package pdftexcmds Info: LuaTeX not detected.
Package pdftexcmds Info: \pdf@primitive is available.
Package pdftexcmds Info: \pdf@ifprimitive is available.
Package pdftexcmds Info: \pdfdraftmode found.
Package: pdfescape 2016/05/16 v1.14 Implements pdfTeX's escape features (HO)
Package: bigintcalc 2016/05/16 v1.4 Expandable calculations on big integers (HO
)
Package: bitset 2016/05/16 v1.2 Handle bit-vector datatype (HO)
Package: uniquecounter 2016/05/16 v1.3 Provide unlimited unique counter (HO)
)
Package hobsub Info: Skipping package `hobsub' (already loaded).
Package: letltxmacro 2016/05/16 v1.5 Let assignment for LaTeX macros (HO)
Package: hopatch 2016/05/16 v1.3 Wrapper for package hooks (HO)
Package: xcolor-patch 2016/05/16 xcolor patch
Package: atveryend 2016/05/16 v1.9 Hooks at the very end of document (HO)
Package atveryend Info: \enddocument detected (standard20110627).
Package: atbegshi 2016/06/09 v1.18 At begin shipout hook (HO)
Package: refcount 2016/05/16 v3.5 Data extraction from label references (HO)
Package: hycolor 2016/05/16 v1.8 Color options for hyperref/bookmark (HO)
)
(/usr/share/texlive/texmf-dist/tex/latex/oberdiek/auxhook.sty
Package: auxhook 2016/05/16 v1.4 Hooks for auxiliary files (HO)
)
(/usr/share/texlive/texmf-dist/tex/latex/oberdiek/kvoptions.sty
Package: kvoptions 2016/05/16 v3.12 Key value format for package options (HO)
)
\@linkdim=\dimen131
\Hy@linkcounter=\count113
\Hy@pagecounter=\count114

(/usr/share/texlive/texmf-dist/tex/latex/hyperref/pd1enc.def
File: pd1enc.def 2018/11/30 v6.88e Hyperref: PDFDocEncoding definition (HO)
Now handling font encoding PD1 ...
... no UTF-8 mapping file for font encoding PD1
)
\Hy@SavedSpaceFactor=\count115

(/usr/share/texlive/texmf-dist/tex/latex/latexconfig/hyperref.cfg
File: hyperref.cfg 2002/06/06 v1.2 hyperref configuration of TeXLive
)
Package hyperref Info: Option `colorlinks' set `true' on input line 4393.
Package hyperref Info: Hyper figures OFF on input line 4519.
Package hyperref Info: Link nesting OFF on input line 4524.
Package hyperref Info: Hyper index ON on input line 4527.
Package hyperref Info: Plain pages OFF on input line 4534.
Package hyperref Info: Backreferencing OFF on input line 4539.
Package hyperref Info: Implicit mode ON; LaTeX internals redefined.
Package hyperref Info: Bookmarks ON on input line 4772.
\c@Hy@tempcnt=\count116

(/usr/share/texlive/texmf-dist/tex/latex/url/url.sty
\Urlmuskip=\muskip11
Package: url 2013/09/16  ver 3.4  Verb mode for urls, etc.
)
LaTeX Info: Redefining \url on input line 5125.
\XeTeXLinkMargin=\dimen132
\Fld@menulength=\count117
\Field@Width=\dimen133
\Fld@charsize=\dimen134
Package hyperref Info: Hyper figures OFF on input line 6380.
Package hyperref Info: Link nesting OFF on input line 6385.
Package hyperref Info: Hyper index ON on input line 6388.
Package hyperref Info: backreferencing OFF on input line 6395.
Package hyperref Info: Link coloring ON on input line 6398.
Package hyperref Info: Link coloring with OCG OFF on input line 6405.
Package hyperref Info: PDF/A mode OFF on input line 6410.
LaTeX Info: Redefining \ref on input line 6450.
LaTeX Info: Redefining \pageref on input line 6454.
\Hy@abspage=\count118
\c@Item=\count119
\c@Hfootnote=\count120
)
Package hyperref Info: Driver (autodetected): hpdftex.

(/usr/share/texlive/texmf-dist/tex/latex/hyperref/hpdftex.def
File: hpdftex.def 2018/11/30 v6.88e Hyperref driver for pdfTeX
\Fld@listcount=\count121
\c@bookmark@seq@number=\count122

(/usr/share/texlive/texmf-dist/tex/latex/oberdiek/rerunfilecheck.sty
Package: rerunfilecheck 2016/05/16 v1.8 Rerun checks for auxiliary files (HO)
Package uniquecounter Info: New unique counter `rerunfilecheck' on input line 2
82.
)
\Hy@SectionHShift=\skip46
)
(/usr/share/texlive/texmf-dist/tex/latex/listings/listings.sty
\lst@mode=\count123
\lst@gtempboxa=\box29
\lst@token=\toks22
\lst@length=\count124
\lst@currlwidth=\dimen135
\lst@column=\count125
\lst@pos=\count126
\lst@lostspace=\dimen136
\lst@width=\dimen137
\lst@newlines=\count127
\lst@lineno=\count128
\lst@maxwidth=\dimen138

(/usr/share/texlive/texmf-dist/tex/latex/listings/lstmisc.sty
File: lstmisc.sty 2018/09/02 1.7 (Carsten Heinz)
\c@lstnumber=\count129
\lst@skipnumbers=\count130
\lst@framebox=\box30
)
(/usr/share/texlive/texmf-dist/tex/latex/listings/listings.cfg
File: listings.cfg 2018/09/02 1.7 listings configuration
))
Package: listings 2018/09/02 1.7 (Carsten Heinz)

(/usr/share/texlive/texmf-dist/tex/latex/placeins/placeins.sty
Package: placeins 2005/04/18  v 2.2
)
No file TP_KBIDA-SAGET.aux.
\openout1 = `TP_KBIDA-SAGET.aux'.

LaTeX Font Info:    Checking defaults for OML/cmm/m/it on input line 22.
LaTeX Font Info:    ... okay on input line 22.
LaTeX Font Info:    Checking defaults for T1/cmr/m/n on input line 22.
LaTeX Font Info:    ... okay on input line 22.
LaTeX Font Info:    Checking defaults for OT1/cmr/m/n on input line 22.
LaTeX Font Info:    ... okay on input line 22.
LaTeX Font Info:    Checking defaults for OMS/cmsy/m/n on input line 22.
LaTeX Font Info:    ... okay on input line 22.
LaTeX Font Info:    Checking defaults for OMX/cmex/m/n on input line 22.
LaTeX Font Info:    ... okay on input line 22.
LaTeX Font Info:    Checking defaults for U/cmr/m/n on input line 22.
LaTeX Font Info:    ... okay on input line 22.
LaTeX Font Info:    Checking defaults for PD1/pdf/m/n on input line 22.
LaTeX Font Info:    ... okay on input line 22.
LaTeX Info: Redefining \degres on input line 22.
LaTeX Info: Redefining \dots on input line 22.
LaTeX Info: Redefining \up on input line 22.

Package french.ldf Warning: OT1 encoding should not be used for French.
(french.ldf)                Add \usepackage[T1]{fontenc} to the preamble
(french.ldf)                of your document; reported on input line 22.

*geometry* driver: auto-detecting
*geometry* detected driver: pdftex
*geometry* verbose mode - [ preamble ] result:
* driver: pdftex
* paper: letterpaper
* layout: <same size as paper>
* layoutoffset:(h,v)=(0.0pt,0.0pt)
* modes: 
* h-part:(L,W,R)=(85.35826pt, 443.57848pt, 85.35826pt)
* v-part:(T,H,B)=(56.9055pt, 681.15898pt, 56.9055pt)
* \paperwidth=614.295pt
* \paperheight=794.96999pt
* \textwidth=443.57848pt
* \textheight=681.15898pt
* \oddsidemargin=13.08827pt
* \evensidemargin=13.08827pt
* \topmargin=-52.36449pt
* \headheight=12.0pt
* \headsep=25.0pt
* \topskip=10.0pt
* \footskip=30.0pt
* \marginparwidth=49.79231pt
* \marginparsep=11.0pt
* \columnsep=10.0pt
* \skip\footins=9.0pt plus 4.0pt minus 2.0pt
* \hoffset=0.0pt
* \voffset=0.0pt
* \mag=1000
* \@twocolumnfalse
* \@twosidefalse
* \@mparswitchfalse
* \@reversemarginfalse
* (1in=72.27pt=25.4mm, 1cm=28.453pt)

(/usr/share/texlive/texmf-dist/tex/context/base/mkii/supp-pdf.mkii
[Loading MPS to PDF converter (version 2006.09.02).]
\scratchcounter=\count131
\scratchdimen=\dimen139
\scratchbox=\box31
\nofMPsegments=\count132
\nofMParguments=\count133
\everyMPshowfont=\toks23
\MPscratchCnt=\count134
\MPscratchDim=\dimen140
\MPnumerator=\count135
\makeMPintoPDFobject=\count136
\everyMPtoPDFconversion=\toks24
) (/usr/share/texlive/texmf-dist/tex/latex/oberdiek/epstopdf-base.sty
Package: epstopdf-base 2016/05/15 v2.6 Base part for package epstopdf

(/usr/share/texlive/texmf-dist/tex/latex/oberdiek/grfext.sty
Package: grfext 2016/05/16 v1.2 Manage graphics extensions (HO)
)
Package epstopdf-base Info: Redefining graphics rule for `.eps' on input line 4
38.
Package grfext Info: Graphics extension search list:
(grfext)             [.pdf,.png,.jpg,.mps,.jpeg,.jbig2,.jb2,.PDF,.PNG,.JPG,.JPE
G,.JBIG2,.JB2,.eps]
(grfext)             \AppendGraphicsExtensions on input line 456.

(/usr/share/texlive/texmf-dist/tex/latex/latexconfig/epstopdf-sys.cfg
File: epstopdf-sys.cfg 2010/07/13 v1.3 Configuration of (r)epstopdf for TeX Liv
e
))
\AtBeginShipoutBox=\box32

(/usr/share/texlive/texmf-dist/tex/latex/graphics/color.sty
Package: color 2016/07/10 v1.1e Standard LaTeX Color (DPC)

(/usr/share/texlive/texmf-dist/tex/latex/graphics-cfg/color.cfg
File: color.cfg 2016/01/02 v1.6 sample color configuration
)
Package color Info: Driver file: pdftex.def on input line 147.
)
Package hyperref Info: Link coloring ON on input line 22.

(/usr/share/texlive/texmf-dist/tex/latex/hyperref/nameref.sty
Package: nameref 2016/05/21 v2.44 Cross-referencing by name of section

(/usr/share/texlive/texmf-dist/tex/generic/oberdiek/gettitlestring.sty
Package: gettitlestring 2016/05/16 v1.5 Cleanup title references (HO)
)
\c@section@level=\count137
)
LaTeX Info: Redefining \ref on input line 22.
LaTeX Info: Redefining \pageref on input line 22.
LaTeX Info: Redefining \nameref on input line 22.
\@outlinefile=\write3
\openout3 = `TP_KBIDA-SAGET.out'.

\c@lstlisting=\count138
\tf@toc=\write4
\openout4 = `TP_KBIDA-SAGET.toc'.


[1

{/var/lib/texmf/fonts/map/pdftex/updmap/pdftex.map}]
<images/q1-2.jpg, id=15, 296.10625pt x 383.4325pt>
File: images/q1-2.jpg Graphic file (type jpg)
<use images/q1-2.jpg>
Package pdftex.def Info: images/q1-2.jpg  used on input line 76.
(pdftex.def)             Requested size: 342.57532pt x 443.57848pt.


LaTeX Warning: `h' float specifier changed to `ht'.

[2]
<images/q1-3.jpg, id=27, 763.85374pt x 155.58125pt>
File: images/q1-3.jpg Graphic file (type jpg)
<use images/q1-3.jpg>
Package pdftex.def Info: images/q1-3.jpg  used on input line 95.
(pdftex.def)             Requested size: 443.57848pt x 90.34637pt.


LaTeX Warning: `h' float specifier changed to `ht'.

[3 <./images/q1-2.jpg>]
LaTeX Font Info:    Try loading font information for OMS+cmr on input line 119.

 (/usr/share/texlive/texmf-dist/tex/latex/base/omscmr.fd
File: omscmr.fd 2014/09/29 v2.5h Standard LaTeX font definitions
)
LaTeX Font Info:    Font shape `OMS/cmr/m/n' in size <10> not available
(Font)              Font shape `OMS/cmsy/m/n' tried instead on input line 119.
 [4 <./images/q1-3.jpg (PNG copy)>]
<images/q1-7-1.jpg, id=84, 1584.92125pt x 739.76375pt>
File: images/q1-7-1.jpg Graphic file (type jpg)
<use images/q1-7-1.jpg>
Package pdftex.def Info: images/q1-7-1.jpg  used on input line 171.
(pdftex.def)             Requested size: 443.57848pt x 207.04213pt.
<images/q1-7-2.jpg, id=85, 899.36pt x 480.79625pt>
File: images/q1-7-2.jpg Graphic file (type jpg)
<use images/q1-7-2.jpg>
Package pdftex.def Info: images/q1-7-2.jpg  used on input line 180.
(pdftex.def)             Requested size: 443.57848pt x 237.13284pt.
<images/q1-7-3.jpg, id=86, 611.28375pt x 151.56625pt>
File: images/q1-7-3.jpg Graphic file (type jpg)
<use images/q1-7-3.jpg>
Package pdftex.def Info: images/q1-7-3.jpg  used on input line 188.
(pdftex.def)             Requested size: 443.57848pt x 109.9833pt.


LaTeX Warning: `h' float specifier changed to `ht'.

<images/q1-8.jpg, id=87, 656.4525pt x 221.82875pt>
File: images/q1-8.jpg Graphic file (type jpg)
<use images/q1-8.jpg>
Package pdftex.def Info: images/q1-8.jpg  used on input line 198.
(pdftex.def)             Requested size: 443.57848pt x 149.89717pt.
[5 <./images/q1-7-1.jpg (PNG copy)> <./images/q1-7-2.jpg (PNG copy)>] [6 <./ima
ges/q1-7-3.jpg (PNG copy)> <./images/q1-8.jpg (PNG copy)>]
<images/q2-1.jpg, id=106, 199.74625pt x 41.15375pt>
File: images/q2-1.jpg Graphic file (type jpg)
<use images/q2-1.jpg>
Package pdftex.def Info: images/q2-1.jpg  used on input line 233.
(pdftex.def)             Requested size: 443.57848pt x 91.40257pt.
<images/q2-2.jpg, id=107, 1058.95625pt x 273.02pt>
File: images/q2-2.jpg Graphic file (type jpg)
<use images/q2-2.jpg>
Package pdftex.def Info: images/q2-2.jpg  used on input line 251.
(pdftex.def)             Requested size: 443.57848pt x 114.3635pt.
LaTeX Font Info:    Try loading font information for OML+cmr on input line 258.


(/usr/share/texlive/texmf-dist/tex/latex/base/omlcmr.fd
File: omlcmr.fd 2014/09/29 v2.5h Standard LaTeX font definitions
)
LaTeX Font Info:    Font shape `OML/cmr/m/n' in size <10> not available
(Font)              Font shape `OML/cmm/m/it' tried instead on input line 258.
 [7 <./images/q2-1.jpg> <./images/q2-2.jpg>]
<images/q2-3-1.jpg, id=138, 1869.98625pt x 473.77pt>
File: images/q2-3-1.jpg Graphic file (type jpg)
<use images/q2-3-1.jpg>
Package pdftex.def Info: images/q2-3-1.jpg  used on input line 288.
(pdftex.def)             Requested size: 443.57848pt x 112.37695pt.
<images/q2-3-2.jpg, id=139, 987.69pt x 553.06625pt>
File: images/q2-3-2.jpg Graphic file (type jpg)
<use images/q2-3-2.jpg>
Package pdftex.def Info: images/q2-3-2.jpg  used on input line 298.
(pdftex.def)             Requested size: 443.57848pt x 248.37961pt.
 [8 <./images/q2-3-1.jpg> <./images/q2-3-2.jpg>] [9]
<images/q3-1-1.png, id=203, 582.175pt x 179.67125pt>
File: images/q3-1-1.png Graphic file (type png)
<use images/q3-1-1.png>
Package pdftex.def Info: images/q3-1-1.png  used on input line 400.
(pdftex.def)             Requested size: 443.57848pt x 136.89972pt.
<images/q3-1-2.png, id=204, 760.8425pt x 235.88126pt>
File: images/q3-1-2.png Graphic file (type png)
<use images/q3-1-2.png>
Package pdftex.def Info: images/q3-1-2.png  used on input line 406.
(pdftex.def)             Requested size: 443.57848pt x 137.52386pt.
<images/q3-1-3.png, id=205, 582.67688pt x 272.51813pt>
File: images/q3-1-3.png Graphic file (type png)
<use images/q3-1-3.png>
Package pdftex.def Info: images/q3-1-3.png  used on input line 412.
(pdftex.def)             Requested size: 443.57848pt x 207.46521pt.


LaTeX Warning: `h' float specifier changed to `ht'.

[10 <./images/q3-1-1.png (PNG copy)> <./images/q3-1-2.png (PNG copy)>]
<images/q3-2-1.png, id=214, 756.8275pt x 68.255pt>
File: images/q3-2-1.png Graphic file (type png)
<use images/q3-2-1.png>
Package pdftex.def Info: images/q3-2-1.png  used on input line 420.
(pdftex.def)             Requested size: 443.57848pt x 40.0045pt.
<images/q3-2-2.png, id=215, 749.80125pt x 117.43875pt>
File: images/q3-2-2.png Graphic file (type png)
<use images/q3-2-2.png>
Package pdftex.def Info: images/q3-2-2.png  used on input line 426.
(pdftex.def)             Requested size: 443.57848pt x 69.4764pt.
<images/q3-2-3.png, id=216, 843.15pt x 478.78876pt>
File: images/q3-2-3.png Graphic file (type png)
<use images/q3-2-3.png>
Package pdftex.def Info: images/q3-2-3.png  used on input line 432.
(pdftex.def)             Requested size: 443.57848pt x 251.89388pt.


LaTeX Warning: `h' float specifier changed to `ht'.

<images/q3-2-4.png, id=217, 806.01125pt x 75.28125pt>
File: images/q3-2-4.png Graphic file (type png)
<use images/q3-2-4.png>
Package pdftex.def Info: images/q3-2-4.png  used on input line 438.
(pdftex.def)             Requested size: 443.57848pt x 41.43007pt.

LaTeX Warning: `h' float specifier changed to `ht'.

<images/q3-2-5.png, id=218, 810.02625pt x 119.44624pt>
File: images/q3-2-5.png Graphic file (type png)
<use images/q3-2-5.png>
Package pdftex.def Info: images/q3-2-5.png  used on input line 444.
(pdftex.def)             Requested size: 443.57848pt x 65.4113pt.

LaTeX Warning: `h' float specifier changed to `ht'.

<images/q3-2-6.png, id=219, 759.83875pt x 374.39874pt>
File: images/q3-2-6.png Graphic file (type png)
<use images/q3-2-6.png>
Package pdftex.def Info: images/q3-2-6.png  used on input line 450.
(pdftex.def)             Requested size: 443.57848pt x 218.5682pt.

LaTeX Warning: `h' float specifier changed to `ht'.

<images/q3-2-7.png, id=220, 765.86125pt x 64.24pt>
File: images/q3-2-7.png Graphic file (type png)
<use images/q3-2-7.png>
Package pdftex.def Info: images/q3-2-7.png  used on input line 456.
(pdftex.def)             Requested size: 443.57848pt x 37.20726pt.

LaTeX Warning: `h' float specifier changed to `ht'.

[11 <./images/q3-1-3.png> <./images/q3-2-1.png (PNG copy)> <./images/q3-2-2.png
 (PNG copy)>] [12 <./images/q3-2-3.png (PNG copy)> <./images/q3-2-4.png (PNG co
py)> <./images/q3-2-5.png (PNG copy)>] [13 <./images/q3-2-6.png (PNG copy)> <./
images/q3-2-7.png (PNG copy)>]
<images/q3-3-1.png, id=244, 871.255pt x 301.125pt>
File: images/q3-3-1.png Graphic file (type png)
<use images/q3-3-1.png>
Package pdftex.def Info: images/q3-3-1.png  used on input line 464.
(pdftex.def)             Requested size: 443.57848pt x 153.3098pt.
<images/q3-3-2.png, id=245, 826.08624pt x 334.24875pt>
File: images/q3-3-2.png Graphic file (type png)
<use images/q3-3-2.png>
Package pdftex.def Info: images/q3-3-2.png  used on input line 470.
(pdftex.def)             Requested size: 443.57848pt x 179.48178pt.
<images/q3-3-3.png, id=246, 756.8275pt x 86.3225pt>
File: images/q3-3-3.png Graphic file (type png)
<use images/q3-3-3.png>
Package pdftex.def Info: images/q3-3-3.png  used on input line 476.
(pdftex.def)             Requested size: 443.57848pt x 50.59393pt.
<images/q3-3-4.png, id=247, 518.93875pt x 209.78375pt>
File: images/q3-3-4.png Graphic file (type png)
<use images/q3-3-4.png>
Package pdftex.def Info: images/q3-3-4.png  used on input line 482.
(pdftex.def)             Requested size: 443.57848pt x 179.32854pt.


LaTeX Warning: `h' float specifier changed to `ht'.

No file TP_KBIDA-SAGET.bbl.
Package atveryend Info: Empty hook `BeforeClearDocument' on input line 489.
[14

 <./images/q3-3-1.png (PNG copy)> <./images/q3-3-2.png (PNG copy)> <./images/q3
-3-3.png (PNG copy)>] [15 <./images/q3-3-4.png (PNG copy)>]
Package atveryend Info: Empty hook `AfterLastShipout' on input line 489.

(./TP_KBIDA-SAGET.aux)
Package atveryend Info: Executing hook `AtVeryEndDocument' on input line 489.
Package atveryend Info: Executing hook `AtEndAfterFileList' on input line 489.


Package rerunfilecheck Warning: File `TP_KBIDA-SAGET.out' has changed.
(rerunfilecheck)                Rerun to get outlines right
(rerunfilecheck)                or use package `bookmark'.

Package rerunfilecheck Info: Checksums for `TP_KBIDA-SAGET.out':
(rerunfilecheck)             Before: <no file>
(rerunfilecheck)             After:  C6C8F09DB8381D9D390CA26519DB1708;1105.

LaTeX Warning: Label(s) may have changed. Rerun to get cross-references right.

Package atveryend Info: Empty hook `AtVeryVeryEnd' on input line 489.
 ) 
Here is how much of TeX's memory you used:
 9254 strings out of 492615
 132668 string characters out of 6131390
 252016 words of memory out of 5000000
 12891 multiletter control sequences out of 15000+600000
 9362 words of font info for 34 fonts, out of 8000000 for 9000
 1141 hyphenation exceptions out of 8191
 28i,9n,32p,402b,1901s stack positions out of 5000i,500n,10000p,200000b,80000s
</usr/share/texlive/texmf-dist/fonts/type1/public/amsfonts/cm/cmbx12.pfb></us
r/share/texlive/texmf-dist/fonts/type1/public/amsfonts/cm/cmcsc10.pfb></usr/sha
re/texlive/texmf-dist/fonts/type1/public/amsfonts/cm/cmmi10.pfb></usr/share/tex
live/texmf-dist/fonts/type1/public/amsfonts/cm/cmr10.pfb></usr/share/texlive/te
xmf-dist/fonts/type1/public/amsfonts/cm/cmr12.pfb></usr/share/texlive/texmf-dis
t/fonts/type1/public/amsfonts/cm/cmr17.pfb></usr/share/texlive/texmf-dist/fonts
/type1/public/amsfonts/cm/cmsy10.pfb></usr/share/texlive/texmf-dist/fonts/type1
/public/amsfonts/cm/cmti10.pfb>
Output written on TP_KBIDA-SAGET.pdf (15 pages, 944895 bytes).
PDF statistics:
 325 PDF objects out of 1000 (max. 8388607)
 268 compressed objects within 3 object streams
 170 named destinations out of 1000 (max. 500000)
 121 words of extra memory for PDF output out of 10000 (max. 10000000)

